
=== Thu Feb  4 13:56:34 2021

Packages were changed.
Update Mode: updateDependencies

The following packages were updated:
  com.unity.test-framework from version 1.1.19 to 1.1.20

=== Sun Dec 26 09:43:18 2021

Packages were changed.
Update Mode: updateDependencies

The following packages were added:
  com.unity.ide.visualstudio@2.0.11
The following packages were updated:
  com.unity.2d.animation from version 3.2.5 to 5.0.9
  com.unity.2d.pixel-perfect from version 2.1.0 to 4.0.1
  com.unity.2d.psdimporter from version 2.1.6 to 4.1.2
  com.unity.2d.spriteshape from version 3.0.14 to 5.1.5
  com.unity.collab-proxy from version 1.2.16 to 1.15.1
  com.unity.ide.rider from version 1.1.4 to 2.0.7
  com.unity.ide.vscode from version 1.2.3 to 1.2.4
  com.unity.test-framework from version 1.1.20 to 1.1.29
  com.unity.textmeshpro from version 2.0.1 to 3.0.6
  com.unity.timeline from version 1.2.14 to 1.4.8

=== Thu Jan  6 03:20:37 2022

Packages were changed.
Update Mode: updateDependencies

The following packages were updated:
  com.unity.2d.animation from version 5.0.9 to 7.0.2
  com.unity.2d.pixel-perfect from version 4.0.1 to 5.0.1
  com.unity.2d.psdimporter from version 4.1.2 to 6.0.1
  com.unity.2d.spriteshape from version 5.1.5 to 7.0.3
  com.unity.collab-proxy from version 1.15.1 to 1.15.4
  com.unity.ide.rider from version 2.0.7 to 3.0.7
  com.unity.ide.visualstudio from version 2.0.11 to 2.0.12
  com.unity.timeline from version 1.4.8 to 1.6.3
